
=== Thu Mar 14 17:02:00 2019

Packages were changed.
Update Mode: mergeDefaultDependencies

The following packages were added:
  com.unity.analytics@3.2.2
  com.unity.purchasing@2.0.3
  com.unity.ads@2.0.8
  com.unity.textmeshpro@1.3.0
  com.unity.package-manager-ui@2.0.3
  com.unity.collab-proxy@1.2.15
  com.unity.modules.ai@1.0.0
  com.unity.modules.animation@1.0.0
  com.unity.modules.assetbundle@1.0.0
  com.unity.modules.audio@1.0.0
  com.unity.modules.cloth@1.0.0
  com.unity.modules.director@1.0.0
  com.unity.modules.imageconversion@1.0.0
  com.unity.modules.imgui@1.0.0
  com.unity.modules.jsonserialize@1.0.0
  com.unity.modules.particlesystem@1.0.0
  com.unity.modules.physics@1.0.0
  com.unity.modules.physics2d@1.0.0
  com.unity.modules.screencapture@1.0.0
  com.unity.modules.terrain@1.0.0
  com.unity.modules.terrainphysics@1.0.0
  com.unity.modules.tilemap@1.0.0
  com.unity.modules.ui@1.0.0
  com.unity.modules.uielements@1.0.0
  com.unity.modules.umbra@1.0.0
  com.unity.modules.unityanalytics@1.0.0
  com.unity.modules.unitywebrequest@1.0.0
  com.unity.modules.unitywebrequestassetbundle@1.0.0
  com.unity.modules.unitywebrequestaudio@1.0.0
  com.unity.modules.unitywebrequesttexture@1.0.0
  com.unity.modules.unitywebrequestwww@1.0.0
  com.unity.modules.vehicles@1.0.0
  com.unity.modules.video@1.0.0
  com.unity.modules.vr@1.0.0
  com.unity.modules.wind@1.0.0
  com.unity.modules.xr@1.0.0

=== Tue Mar 26 18:43:42 2019

Packages were changed.
Update Mode: updateDependencies

The following packages were updated:
  com.unity.package-manager-ui from version 2.0.3 to 2.0.7

=== Sat Apr 18 17:28:41 2020

Packages were changed.
Update Mode: updateDependencies

The following packages were added:
  com.unity.2d.sprite@1.0.0
  com.unity.2d.tilemap@1.0.0
  com.unity.ide.rider@1.1.4
  com.unity.ide.vscode@1.1.4
  com.unity.modules.androidjni@1.0.0
  com.unity.multiplayer-hlapi@1.0.4
  com.unity.test-framework@1.1.13
  com.unity.timeline@1.2.6
  com.unity.ugui@1.0.0
  com.unity.xr.legacyinputhelpers@1.3.11
The following packages were updated:
  com.unity.ads from version 2.0.8 to 3.4.4
  com.unity.analytics from version 3.2.2 to 3.3.5
  com.unity.collab-proxy from version 1.2.15 to 1.2.16
  com.unity.purchasing from version 2.0.3 to 2.0.6
  com.unity.textmeshpro from version 1.3.0 to 2.0.1
The following packages were removed:
  com.unity.package-manager-ui@2.0.7

=== Mon Apr 12 18:11:32 2021

Packages were changed.
Update Mode: updateDependencies

The following packages were added:
  com.unity.ide.visualstudio@2.0.7
The following packages were updated:
  com.unity.ads from version 3.4.4 to 3.5.2
  com.unity.analytics from version 3.3.5 to 3.5.3
  com.unity.ide.vscode from version 1.1.4 to 1.2.3
  com.unity.purchasing from version 2.0.6 to 3.0.1
  com.unity.test-framework from version 1.1.13 to 1.1.24
  com.unity.textmeshpro from version 2.0.1 to 3.0.4

=== Thu Nov 18 06:04:09 2021

Packages were changed.
Update Mode: updateDependencies

The following packages were updated:
  com.unity.ads from version 3.5.2 to 3.7.5
  com.unity.analytics from version 3.5.3 to 3.6.11
  com.unity.ide.visualstudio from version 2.0.7 to 2.0.11
  com.unity.ide.vscode from version 1.2.3 to 1.2.4
  com.unity.purchasing from version 3.0.1 to 4.1.0
  com.unity.test-framework from version 1.1.24 to 1.1.29
  com.unity.textmeshpro from version 3.0.4 to 3.0.6

=== Sun Dec 12 15:59:02 2021

Packages were changed.
Update Mode: updateDependencies

The following packages were updated:
  com.unity.2d.animation from version 5.0.9 to 7.0.2
  com.unity.2d.pixel-perfect from version 4.0.1 to 5.0.1
The following packages were removed:
  com.unity.quicksearch@2.0.2

=== Fri Feb  4 04:14:11 2022

Packages were changed.
Update Mode: updateDependencies

The following packages were updated:
  com.unity.2d.animation from version 5.0.10 to 7.0.3

=== Tue Mar 29 19:29:06 2022

Packages were changed.
Update Mode: updateDependencies

The following packages were updated:
  com.unity.2d.animation from version 7.0.3 to 7.0.4
  com.unity.purchasing from version 4.1.2 to 4.1.3
  com.unity.test-framework from version 1.1.30 to 1.1.31
